### Start Wed Mar 11 14:14:09 2020
# /apps/dev-studio/12.6/bin/../bin/er_archive -n -O /home/lv713/LidDrivenCavitySolver/intitial.er/_x3.er/er_archive.log /home/lv713/LidDrivenCavitySolver/intitial.er/_x3.er
Copying `/usr/lib/x86_64-linux-gnu/libicuuc.so.63.1'  to `/home/lv713/LidDrivenCavitySolver/intitial.er/archives/libicuuc.so.63.1_dnWuQRcLhw9'
Copying `/lib/x86_64-linux-gnu/libz.so.1.2.11'  to `/home/lv713/LidDrivenCavitySolver/intitial.er/archives/libz.so.1.2.11_XLwlkF_Wwof'
Copying `/lib/x86_64-linux-gnu/libdl-2.28.so'  to `/home/lv713/LidDrivenCavitySolver/intitial.er/archives/libdl-2.28.so_XLwlkF_Wwof'
Copying `/lib/x86_64-linux-gnu/libgcc_s.so.1'  to `/home/lv713/LidDrivenCavitySolver/intitial.er/archives/libgcc_s.so.1_XLwlkF_Wwof'
Copying `/lib/x86_64-linux-gnu/libm-2.28.so'  to `/home/lv713/LidDrivenCavitySolver/intitial.er/archives/libm-2.28.so_XLwlkF_Wwof'
Copying `/usr/lib/x86_64-linux-gnu/openmpi/lib/openmpi3/mca_rml_oob.so'  to `/home/lv713/LidDrivenCavitySolver/intitial.er/archives/mca_rml_oob.so_1fcNkoDIWK0'
Copying `/usr/lib/x86_64-linux-gnu/libpsm2.so.2.1'  to `/home/lv713/LidDrivenCavitySolver/intitial.er/archives/libpsm2.so.2.1_dnWuQRcLhw9'
Copying `/usr/lib/libpsm1/libpsm_infinipath.so.1.16'  to `/home/lv713/LidDrivenCavitySolver/intitial.er/archives/libpsm_infinipath.so.1.16_LW6XUxGbv93'
Copying `/usr/lib/x86_64-linux-gnu/libfabric.so.1.9.15'  to `/home/lv713/LidDrivenCavitySolver/intitial.er/archives/libfabric.so.1.9.15_dnWuQRcLhw9'
Copying `/usr/lib/x86_64-linux-gnu/openmpi/lib/openmpi3/mca_bml_r2.so'  to `/home/lv713/LidDrivenCavitySolver/intitial.er/archives/mca_bml_r2.so_1fcNkoDIWK0'
Copying `/usr/lib/x86_64-linux-gnu/openmpi/lib/openmpi3/mca_btl_self.so'  to `/home/lv713/LidDrivenCavitySolver/intitial.er/archives/mca_btl_self.so_1fcNkoDIWK0'
Copying `/usr/lib/x86_64-linux-gnu/openmpi/lib/libmca_common_monitoring.so.50.0.0'  to `/home/lv713/LidDrivenCavitySolver/intitial.er/archives/libmca_common_monitoring.so.50.0.0_G6zcWprHF51'
Copying `/usr/lib/x86_64-linux-gnu/openmpi/lib/openmpi3/mca_pml_monitoring.so'  to `/home/lv713/LidDrivenCavitySolver/intitial.er/archives/mca_pml_monitoring.so_1fcNkoDIWK0'
Copying `/usr/lib/x86_64-linux-gnu/openmpi/lib/openmpi3/mca_pml_cm.so'  to `/home/lv713/LidDrivenCavitySolver/intitial.er/archives/mca_pml_cm.so_1fcNkoDIWK0'
Copying `/usr/lib/x86_64-linux-gnu/openmpi/lib/openmpi3/mca_vprotocol_pessimist.so'  to `/home/lv713/LidDrivenCavitySolver/intitial.er/archives/mca_vprotocol_pessimist.so_1fcNkoDIWK0'
Copying `/usr/lib/x86_64-linux-gnu/openmpi/lib/openmpi3/mca_mtl_psm2.so'  to `/home/lv713/LidDrivenCavitySolver/intitial.er/archives/mca_mtl_psm2.so_1fcNkoDIWK0'
Copying `/usr/lib/x86_64-linux-gnu/openmpi/lib/openmpi3/mca_coll_sync.so'  to `/home/lv713/LidDrivenCavitySolver/intitial.er/archives/mca_coll_sync.so_1fcNkoDIWK0'
Copying `/usr/lib/x86_64-linux-gnu/openmpi/lib/openmpi3/mca_coll_libnbc.so'  to `/home/lv713/LidDrivenCavitySolver/intitial.er/archives/mca_coll_libnbc.so_1fcNkoDIWK0'
Copying `/usr/lib/x86_64-linux-gnu/openmpi/lib/openmpi3/mca_coll_tuned.so'  to `/home/lv713/LidDrivenCavitySolver/intitial.er/archives/mca_coll_tuned.so_1fcNkoDIWK0'
Copying `/usr/lib/x86_64-linux-gnu/openmpi/lib/openmpi3/mca_coll_basic.so'  to `/home/lv713/LidDrivenCavitySolver/intitial.er/archives/mca_coll_basic.so_1fcNkoDIWK0'
Copying `/usr/lib/x86_64-linux-gnu/openmpi/lib/libmca_common_sm.so.40.10.0'  to `/home/lv713/LidDrivenCavitySolver/intitial.er/archives/libmca_common_sm.so.40.10.0_G6zcWprHF51'
Copying `/usr/lib/x86_64-linux-gnu/openmpi/lib/openmpi3/mca_coll_sm.so'  to `/home/lv713/LidDrivenCavitySolver/intitial.er/archives/mca_coll_sm.so_1fcNkoDIWK0'
Copying `/usr/lib/x86_64-linux-gnu/openmpi/lib/openmpi3/mca_osc_pt2pt.so'  to `/home/lv713/LidDrivenCavitySolver/intitial.er/archives/mca_osc_pt2pt.so_1fcNkoDIWK0'
Copying `/usr/lib/x86_64-linux-gnu/openmpi/lib/openmpi3/mca_osc_sm.so'  to `/home/lv713/LidDrivenCavitySolver/intitial.er/archives/mca_osc_sm.so_1fcNkoDIWK0'
Copying `/usr/lib/x86_64-linux-gnu/openmpi/lib/openmpi3/mca_osc_monitoring.so'  to `/home/lv713/LidDrivenCavitySolver/intitial.er/archives/mca_osc_monitoring.so_1fcNkoDIWK0'
Copying `/usr/lib/x86_64-linux-gnu/openmpi/lib/openmpi3/mca_osc_rdma.so'  to `/home/lv713/LidDrivenCavitySolver/intitial.er/archives/mca_osc_rdma.so_1fcNkoDIWK0'
Copying `/usr/lib/x86_64-linux-gnu/openmpi/lib/openmpi3/mca_topo_basic.so'  to `/home/lv713/LidDrivenCavitySolver/intitial.er/archives/mca_topo_basic.so_1fcNkoDIWK0'
Copying `/usr/lib/x86_64-linux-gnu/openmpi/lib/openmpi3/mca_topo_treematch.so'  to `/home/lv713/LidDrivenCavitySolver/intitial.er/archives/mca_topo_treematch.so_1fcNkoDIWK0'
