### Start Wed Mar 11 14:14:09 2020
# /apps/dev-studio/12.6/bin/../bin/er_archive -n -O /home/lv713/LidDrivenCavitySolver/intitial.er/_x8.er/er_archive.log /home/lv713/LidDrivenCavitySolver/intitial.er/_x8.er
Copying `/usr/lib/x86_64-linux-gnu/libevent_pthreads-2.1.so.6.0.2'  to `/home/lv713/LidDrivenCavitySolver/intitial.er/archives/libevent_pthreads-2.1.so.6.0.2_dnWuQRcLhw9'
Copying `/usr/lib/x86_64-linux-gnu/libicui18n.so.63.1'  to `/home/lv713/LidDrivenCavitySolver/intitial.er/archives/libicui18n.so.63.1_dnWuQRcLhw9'
Copying `/usr/lib/x86_64-linux-gnu/pmix/lib/pmix/mca_plog_default.so'  to `/home/lv713/LidDrivenCavitySolver/intitial.er/archives/mca_plog_default.so_BR66kV2Xe40'
Copying `/usr/lib/x86_64-linux-gnu/pmix/lib/pmix/mca_plog_stdfd.so'  to `/home/lv713/LidDrivenCavitySolver/intitial.er/archives/mca_plog_stdfd.so_BR66kV2Xe40'
Copying `/usr/lib/x86_64-linux-gnu/pmix/lib/pmix/mca_plog_syslog.so'  to `/home/lv713/LidDrivenCavitySolver/intitial.er/archives/mca_plog_syslog.so_BR66kV2Xe40'
Copying `/usr/lib/x86_64-linux-gnu/openmpi/lib/openmpi3/mca_state_hnp.so'  to `/home/lv713/LidDrivenCavitySolver/intitial.er/archives/mca_state_hnp.so_1fcNkoDIWK0'
Copying `/usr/lib/x86_64-linux-gnu/openmpi/lib/openmpi3/mca_state_orted.so'  to `/home/lv713/LidDrivenCavitySolver/intitial.er/archives/mca_state_orted.so_1fcNkoDIWK0'
Copying `/usr/lib/x86_64-linux-gnu/openmpi/lib/openmpi3/mca_errmgr_default_tool.so'  to `/home/lv713/LidDrivenCavitySolver/intitial.er/archives/mca_errmgr_default_tool.so_1fcNkoDIWK0'
Copying `/usr/lib/x86_64-linux-gnu/openmpi/lib/openmpi3/mca_errmgr_dvm.so'  to `/home/lv713/LidDrivenCavitySolver/intitial.er/archives/mca_errmgr_dvm.so_1fcNkoDIWK0'
Copying `/usr/lib/x86_64-linux-gnu/openmpi/lib/openmpi3/mca_routed_debruijn.so'  to `/home/lv713/LidDrivenCavitySolver/intitial.er/archives/mca_routed_debruijn.so_1fcNkoDIWK0'
Copying `/usr/lib/x86_64-linux-gnu/openmpi/lib/openmpi3/mca_oob_tcp.so'  to `/home/lv713/LidDrivenCavitySolver/intitial.er/archives/mca_oob_tcp.so_1fcNkoDIWK0'
Copying `/lib/x86_64-linux-gnu/libuuid.so.1.3.0'  to `/home/lv713/LidDrivenCavitySolver/intitial.er/archives/libuuid.so.1.3.0_XLwlkF_Wwof'
Copying `/usr/lib/x86_64-linux-gnu/openmpi/lib/libmca_common_ofi.so.40.10.0'  to `/home/lv713/LidDrivenCavitySolver/intitial.er/archives/libmca_common_ofi.so.40.10.0_G6zcWprHF51'
Copying `/usr/lib/x86_64-linux-gnu/openmpi/lib/openmpi3/mca_allocator_basic.so'  to `/home/lv713/LidDrivenCavitySolver/intitial.er/archives/mca_allocator_basic.so_1fcNkoDIWK0'
Copying `/usr/lib/x86_64-linux-gnu/openmpi/lib/openmpi3/mca_rcache_grdma.so'  to `/home/lv713/LidDrivenCavitySolver/intitial.er/archives/mca_rcache_grdma.so_1fcNkoDIWK0'
Copying `/usr/lib/x86_64-linux-gnu/openmpi/lib/openmpi3/mca_mpool_hugepage.so'  to `/home/lv713/LidDrivenCavitySolver/intitial.er/archives/mca_mpool_hugepage.so_1fcNkoDIWK0'
Copying `/usr/lib/x86_64-linux-gnu/openmpi/lib/openmpi3/mca_btl_vader.so'  to `/home/lv713/LidDrivenCavitySolver/intitial.er/archives/mca_btl_vader.so_1fcNkoDIWK0'
Copying `/usr/lib/x86_64-linux-gnu/openmpi/lib/openmpi3/mca_btl_sm.so'  to `/home/lv713/LidDrivenCavitySolver/intitial.er/archives/mca_btl_sm.so_1fcNkoDIWK0'
Copying `/usr/lib/x86_64-linux-gnu/openmpi/lib/openmpi3/mca_btl_tcp.so'  to `/home/lv713/LidDrivenCavitySolver/intitial.er/archives/mca_btl_tcp.so_1fcNkoDIWK0'
Copying `/usr/lib/x86_64-linux-gnu/openmpi/lib/openmpi3/mca_btl_openib.so'  to `/home/lv713/LidDrivenCavitySolver/intitial.er/archives/mca_btl_openib.so_1fcNkoDIWK0'
