### Start Wed Mar 11 14:14:11 2020
# /apps/dev-studio/12.6/bin/../bin/er_archive -n -O /home/lv713/LidDrivenCavitySolver/intitial.er/er_archive.log /home/lv713/LidDrivenCavitySolver/intitial.er
Copying `/usr/bin/orterun'  to `/home/lv713/LidDrivenCavitySolver/intitial.er/archives/orterun_UHyILZt997d'
Copying `/usr/lib/x86_64-linux-gnu/openmpi/lib/openmpi3/mca_ess_slurm.so'  to `/home/lv713/LidDrivenCavitySolver/intitial.er/archives/mca_ess_slurm.so_1fcNkoDIWK0'
Copying `/usr/lib/x86_64-linux-gnu/openmpi/lib/openmpi3/mca_ess_env.so'  to `/home/lv713/LidDrivenCavitySolver/intitial.er/archives/mca_ess_env.so_1fcNkoDIWK0'
Copying `/usr/lib/x86_64-linux-gnu/openmpi/lib/openmpi3/mca_ess_tool.so'  to `/home/lv713/LidDrivenCavitySolver/intitial.er/archives/mca_ess_tool.so_1fcNkoDIWK0'
Copying `/usr/lib/x86_64-linux-gnu/openmpi/lib/openmpi3/mca_ess_hnp.so'  to `/home/lv713/LidDrivenCavitySolver/intitial.er/archives/mca_ess_hnp.so_1fcNkoDIWK0'
Copying `/usr/lib/x86_64-linux-gnu/openmpi/lib/openmpi3/mca_ess_singleton.so'  to `/home/lv713/LidDrivenCavitySolver/intitial.er/archives/mca_ess_singleton.so_1fcNkoDIWK0'
Copying `/usr/lib/x86_64-linux-gnu/libOpenCL.so.1.0.0'  to `/home/lv713/LidDrivenCavitySolver/intitial.er/archives/libOpenCL.so.1.0.0_dnWuQRcLhw9'
Copying `/usr/lib/x86_64-linux-gnu/hwloc/hwloc_opencl.so'  to `/home/lv713/LidDrivenCavitySolver/intitial.er/archives/hwloc_opencl.so_IicRzkXVc9a'
Copying `/usr/lib/x86_64-linux-gnu/libpciaccess.so.0.11.1'  to `/home/lv713/LidDrivenCavitySolver/intitial.er/archives/libpciaccess.so.0.11.1_dnWuQRcLhw9'
Copying `/usr/lib/x86_64-linux-gnu/hwloc/hwloc_pci.so'  to `/home/lv713/LidDrivenCavitySolver/intitial.er/archives/hwloc_pci.so_IicRzkXVc9a'
Copying `/lib/x86_64-linux-gnu/liblzma.so.5.2.4'  to `/home/lv713/LidDrivenCavitySolver/intitial.er/archives/liblzma.so.5.2.4_XLwlkF_Wwof'
Copying `/usr/lib/x86_64-linux-gnu/libxml2.so.2.9.4'  to `/home/lv713/LidDrivenCavitySolver/intitial.er/archives/libxml2.so.2.9.4_dnWuQRcLhw9'
Copying `/usr/lib/x86_64-linux-gnu/hwloc/hwloc_xml_libxml.so'  to `/home/lv713/LidDrivenCavitySolver/intitial.er/archives/hwloc_xml_libxml.so_IicRzkXVc9a'
Copying `/usr/lib/x86_64-linux-gnu/openmpi/lib/openmpi3/mca_pstat_linux.so'  to `/home/lv713/LidDrivenCavitySolver/intitial.er/archives/mca_pstat_linux.so_1fcNkoDIWK0'
Copying `/usr/lib/x86_64-linux-gnu/openmpi/lib/openmpi3/mca_plm_rsh.so'  to `/home/lv713/LidDrivenCavitySolver/intitial.er/archives/mca_plm_rsh.so_1fcNkoDIWK0'
Copying `/usr/lib/x86_64-linux-gnu/openmpi/lib/openmpi3/mca_plm_isolated.so'  to `/home/lv713/LidDrivenCavitySolver/intitial.er/archives/mca_plm_isolated.so_1fcNkoDIWK0'
Copying `/usr/lib/x86_64-linux-gnu/openmpi/lib/openmpi3/mca_plm_slurm.so'  to `/home/lv713/LidDrivenCavitySolver/intitial.er/archives/mca_plm_slurm.so_1fcNkoDIWK0'
Copying `/usr/lib/x86_64-linux-gnu/pmix/lib/pmix/mca_pnet_tcp.so'  to `/home/lv713/LidDrivenCavitySolver/intitial.er/archives/mca_pnet_tcp.so_BR66kV2Xe40'
Copying `/usr/lib/x86_64-linux-gnu/pmix/lib/pmix/mca_pnet_test.so'  to `/home/lv713/LidDrivenCavitySolver/intitial.er/archives/mca_pnet_test.so_BR66kV2Xe40'
Copying `/usr/lib/x86_64-linux-gnu/pmix/lib/pmix/mca_psensor_heartbeat.so'  to `/home/lv713/LidDrivenCavitySolver/intitial.er/archives/mca_psensor_heartbeat.so_BR66kV2Xe40'
Copying `/usr/lib/x86_64-linux-gnu/pmix/lib/pmix/mca_psensor_file.so'  to `/home/lv713/LidDrivenCavitySolver/intitial.er/archives/mca_psensor_file.so_BR66kV2Xe40'
Copying `/usr/lib/x86_64-linux-gnu/openmpi/lib/openmpi3/mca_ras_slurm.so'  to `/home/lv713/LidDrivenCavitySolver/intitial.er/archives/mca_ras_slurm.so_1fcNkoDIWK0'
Copying `/usr/lib/x86_64-linux-gnu/openmpi/lib/openmpi3/mca_ras_gridengine.so'  to `/home/lv713/LidDrivenCavitySolver/intitial.er/archives/mca_ras_gridengine.so_1fcNkoDIWK0'
Copying `/usr/lib/x86_64-linux-gnu/openmpi/lib/openmpi3/mca_ras_simulator.so'  to `/home/lv713/LidDrivenCavitySolver/intitial.er/archives/mca_ras_simulator.so_1fcNkoDIWK0'
Copying `/usr/lib/x86_64-linux-gnu/openmpi/lib/openmpi3/mca_rmaps_mindist.so'  to `/home/lv713/LidDrivenCavitySolver/intitial.er/archives/mca_rmaps_mindist.so_1fcNkoDIWK0'
Copying `/usr/lib/x86_64-linux-gnu/openmpi/lib/openmpi3/mca_rmaps_rank_file.so'  to `/home/lv713/LidDrivenCavitySolver/intitial.er/archives/mca_rmaps_rank_file.so_1fcNkoDIWK0'
Copying `/usr/lib/x86_64-linux-gnu/openmpi/lib/openmpi3/mca_rmaps_seq.so'  to `/home/lv713/LidDrivenCavitySolver/intitial.er/archives/mca_rmaps_seq.so_1fcNkoDIWK0'
Copying `/usr/lib/x86_64-linux-gnu/openmpi/lib/openmpi3/mca_rmaps_resilient.so'  to `/home/lv713/LidDrivenCavitySolver/intitial.er/archives/mca_rmaps_resilient.so_1fcNkoDIWK0'
Copying `/usr/lib/x86_64-linux-gnu/openmpi/lib/openmpi3/mca_rmaps_round_robin.so'  to `/home/lv713/LidDrivenCavitySolver/intitial.er/archives/mca_rmaps_round_robin.so_1fcNkoDIWK0'
Copying `/usr/lib/x86_64-linux-gnu/openmpi/lib/openmpi3/mca_rmaps_ppr.so'  to `/home/lv713/LidDrivenCavitySolver/intitial.er/archives/mca_rmaps_ppr.so_1fcNkoDIWK0'
Copying `/usr/lib/x86_64-linux-gnu/openmpi/lib/openmpi3/mca_regx_fwd.so'  to `/home/lv713/LidDrivenCavitySolver/intitial.er/archives/mca_regx_fwd.so_1fcNkoDIWK0'
Copying `/usr/lib/x86_64-linux-gnu/openmpi/lib/openmpi3/mca_regx_reverse.so'  to `/home/lv713/LidDrivenCavitySolver/intitial.er/archives/mca_regx_reverse.so_1fcNkoDIWK0'
Copying `/usr/lib/x86_64-linux-gnu/openmpi/lib/openmpi3/mca_odls_default.so'  to `/home/lv713/LidDrivenCavitySolver/intitial.er/archives/mca_odls_default.so_1fcNkoDIWK0'
Copying `/usr/lib/x86_64-linux-gnu/openmpi/lib/openmpi3/mca_rtc_hwloc.so'  to `/home/lv713/LidDrivenCavitySolver/intitial.er/archives/mca_rtc_hwloc.so_1fcNkoDIWK0'
Copying `/usr/lib/x86_64-linux-gnu/openmpi/lib/openmpi3/mca_iof_hnp.so'  to `/home/lv713/LidDrivenCavitySolver/intitial.er/archives/mca_iof_hnp.so_1fcNkoDIWK0'
Copying `/usr/lib/x86_64-linux-gnu/openmpi/lib/openmpi3/mca_iof_orted.so'  to `/home/lv713/LidDrivenCavitySolver/intitial.er/archives/mca_iof_orted.so_1fcNkoDIWK0'
Copying `/usr/lib/x86_64-linux-gnu/openmpi/lib/openmpi3/mca_iof_tool.so'  to `/home/lv713/LidDrivenCavitySolver/intitial.er/archives/mca_iof_tool.so_1fcNkoDIWK0'
Copying `/usr/lib/x86_64-linux-gnu/openmpi/lib/openmpi3/mca_filem_raw.so'  to `/home/lv713/LidDrivenCavitySolver/intitial.er/archives/mca_filem_raw.so_1fcNkoDIWK0'
